[2022-09-27 15:45:04] request.INFO: Matched route "admin_common_notifications". {"route":"admin_common_notifications","route_parameters":{"_controller":"PrestaShopBundle\\Controller\\Admin\\CommonController::notificationsAction","_legacy_controller":"AdminCommon","_legacy_link":"AdminCommon","_route":"admin_common_notifications"},"request_uri":"http://localhost:8888/cbdestock/admin269btjd43/index.php/common/notifications?_token=I2Ft_JJwbpYWk2EQ6FG2kpA3tNYmZL3L_nKCXN8SdNc&rand=1664286302643","method":"POST"} []
[2022-09-27 15:45:04] security.DEBUG: Read existing security token from the session. {"key":"_security_main","token_class":"Symfony\\Component\\Security\\Core\\Authentication\\Token\\UsernamePasswordToken"} []
[2022-09-27 15:45:04] security.DEBUG: User was reloaded from a user provider. {"provider":"PrestaShopBundle\\Security\\Admin\\EmployeeProvider","username":"cbdestock@proton.me"} []
[2022-09-27 15:45:06] request.CRITICAL: Uncaught PHP Exception Doctrine\DBAL\DBALException: "An exception occured while establishing a connection to figure out your platform version. You can circumvent this by setting a 'server_version' configuration value  For further information have a look at: https://github.com/doctrine/DoctrineBundle/issues/673" at /Applications/MAMP/htdocs/cbdestock/vendor/doctrine/doctrine-bundle/ConnectionFactory.php line 79 {"exception":"[object] (Doctrine\\DBAL\\DBALException(code: 0): An exception occured while establishing a connection to figure out your platform version.\nYou can circumvent this by setting a 'server_version' configuration value\n\nFor further information have a look at:\nhttps://github.com/doctrine/DoctrineBundle/issues/673 at /Applications/MAMP/htdocs/cbdestock/vendor/doctrine/doctrine-bundle/ConnectionFactory.php:79, Doctrine\\DBAL\\Exception\\ConnectionException(code: 0): An exception occurred in driver: SQLSTATE[HY000] [2002] Connection refused at /Applications/MAMP/htdocs/cbdestock/vendor/doctrine/dbal/lib/Doctrine/DBAL/Driver/AbstractMySQLDriver.php:93, Doctrine\\DBAL\\Driver\\PDOException(code: 2002): SQLSTATE[HY000] [2002] Connection refused at /Applications/MAMP/htdocs/cbdestock/vendor/doctrine/dbal/lib/Doctrine/DBAL/Driver/PDOConnection.php:31, PDOException(code: 2002): SQLSTATE[HY000] [2002] Connection refused at /Applications/MAMP/htdocs/cbdestock/vendor/doctrine/dbal/lib/Doctrine/DBAL/Driver/PDOConnection.php:27)"} []
[2022-09-27 15:45:06] request.CRITICAL: Exception thrown when handling an exception (Doctrine\DBAL\DBALException: An exception occured while establishing a connection to figure out your platform version. You can circumvent this by setting a 'server_version' configuration value  For further information have a look at: https://github.com/doctrine/DoctrineBundle/issues/673 at /Applications/MAMP/htdocs/cbdestock/vendor/doctrine/doctrine-bundle/ConnectionFactory.php line 79) {"exception":"[object] (Doctrine\\DBAL\\DBALException(code: 0): An exception occured while establishing a connection to figure out your platform version.\nYou can circumvent this by setting a 'server_version' configuration value\n\nFor further information have a look at:\nhttps://github.com/doctrine/DoctrineBundle/issues/673 at /Applications/MAMP/htdocs/cbdestock/vendor/doctrine/doctrine-bundle/ConnectionFactory.php:79, Doctrine\\DBAL\\Exception\\ConnectionException(code: 0): An exception occurred in driver: SQLSTATE[HY000] [2002] Connection refused at /Applications/MAMP/htdocs/cbdestock/vendor/doctrine/dbal/lib/Doctrine/DBAL/Driver/AbstractMySQLDriver.php:93, Doctrine\\DBAL\\Driver\\PDOException(code: 2002): SQLSTATE[HY000] [2002] Connection refused at /Applications/MAMP/htdocs/cbdestock/vendor/doctrine/dbal/lib/Doctrine/DBAL/Driver/PDOConnection.php:31, PDOException(code: 2002): SQLSTATE[HY000] [2002] Connection refused at /Applications/MAMP/htdocs/cbdestock/vendor/doctrine/dbal/lib/Doctrine/DBAL/Driver/PDOConnection.php:27)"} []
[2022-09-27 15:45:04] request.INFO: Matched route "admin_common_notifications". {"route":"admin_common_notifications","route_parameters":{"_controller":"PrestaShopBundle\\Controller\\Admin\\CommonController::notificationsAction","_legacy_controller":"AdminCommon","_legacy_link":"AdminCommon","_route":"admin_common_notifications"},"request_uri":"http://localhost:8888/cbdestock/admin269btjd43/index.php/common/notifications?_token=I2Ft_JJwbpYWk2EQ6FG2kpA3tNYmZL3L_nKCXN8SdNc","method":"POST"} []
[2022-09-27 15:45:06] security.DEBUG: Read existing security token from the session. {"key":"_security_main","token_class":"Symfony\\Component\\Security\\Core\\Authentication\\Token\\UsernamePasswordToken"} []
[2022-09-27 15:45:06] request.CRITICAL: Uncaught PHP Exception PrestaShopException: "Link to database cannot be established: SQLSTATE[HY000] [2002] Connection refused" at /Applications/MAMP/htdocs/cbdestock/classes/db/DbPDO.php line 136 {"exception":"[object] (PrestaShopException(code: 0): Link to database cannot be established: SQLSTATE[HY000] [2002] Connection refused at /Applications/MAMP/htdocs/cbdestock/classes/db/DbPDO.php:136)"} []
[2022-09-27 15:45:06] request.CRITICAL: Exception thrown when handling an exception (PrestaShopException: Link to database cannot be established: SQLSTATE[HY000] [2002] Connection refused at /Applications/MAMP/htdocs/cbdestock/classes/db/DbPDO.php line 136) {"exception":"[object] (PrestaShopException(code: 0): Link to database cannot be established: SQLSTATE[HY000] [2002] Connection refused at /Applications/MAMP/htdocs/cbdestock/classes/db/DbPDO.php:136)"} []
[2022-09-27 15:45:40] request.INFO: Matched route "admin_themes_import". {"route":"admin_themes_import","route_parameters":{"_controller":"PrestaShopBundle\\Controller\\Admin\\Improve\\Design\\ThemeController::importAction","_legacy_controller":"AdminThemes","_legacy_link":"AdminThemes:importtheme","_route":"admin_themes_import"},"request_uri":"http://localhost:8888/cbdestock/admin269btjd43/index.php/improve/design/themes/import?_token=I2Ft_JJwbpYWk2EQ6FG2kpA3tNYmZL3L_nKCXN8SdNc","method":"POST"} []
[2022-09-27 15:45:41] security.DEBUG: Read existing security token from the session. {"key":"_security_main","token_class":"Symfony\\Component\\Security\\Core\\Authentication\\Token\\UsernamePasswordToken"} []
[2022-09-27 15:45:41] security.DEBUG: User was reloaded from a user provider. {"provider":"PrestaShopBundle\\Security\\Admin\\EmployeeProvider","username":"cbdestock@proton.me"} []
[2022-09-27 15:45:55] app.ERROR: No result was found for query although at least one row was expected. {"object_type":"Translation"} []
[2022-09-27 15:45:55] app.ERROR: No result was found for query although at least one row was expected. {"object_type":"Translation"} []
[2022-09-27 15:45:55] app.ERROR: No result was found for query although at least one row was expected. {"object_type":"Translation"} []
[2022-09-27 15:45:55] app.ERROR: No result was found for query although at least one row was expected. {"object_type":"Translation"} []
[2022-09-27 15:45:55] app.ERROR: No result was found for query although at least one row was expected. {"object_type":"Translation"} []
[2022-09-27 15:45:55] app.ERROR: No result was found for query although at least one row was expected. {"object_type":"Translation"} []
[2022-09-27 15:45:55] app.ERROR: No result was found for query although at least one row was expected. {"object_type":"Translation"} []
[2022-09-27 15:45:55] app.ERROR: No result was found for query although at least one row was expected. {"object_type":"Translation"} []
[2022-09-27 15:45:55] app.ERROR: No result was found for query although at least one row was expected. {"object_type":"Translation"} []
[2022-09-27 15:45:55] app.ERROR: No result was found for query although at least one row was expected. {"object_type":"Translation"} []
[2022-09-27 15:45:55] app.ERROR: No result was found for query although at least one row was expected. {"object_type":"Translation"} []
[2022-09-27 15:45:55] app.ERROR: No result was found for query although at least one row was expected. {"object_type":"Translation"} []
[2022-09-27 15:45:55] app.ERROR: No result was found for query although at least one row was expected. {"object_type":"Translation"} []
[2022-09-27 15:45:55] app.ERROR: No result was found for query although at least one row was expected. {"object_type":"Translation"} []
[2022-09-27 15:45:55] app.ERROR: You must specify as many arguments (%d, %s ...) as the original string. {"object_type":"Translation"} []
[2022-09-27 15:45:55] app.ERROR: No result was found for query although at least one row was expected. {"object_type":"Translation"} []
[2022-09-27 15:45:55] app.ERROR: No result was found for query although at least one row was expected. {"object_type":"Translation"} []
[2022-09-27 15:45:55] app.ERROR: No result was found for query although at least one row was expected. {"object_type":"Translation"} []
[2022-09-27 15:45:55] app.ERROR: No result was found for query although at least one row was expected. {"object_type":"Translation"} []
[2022-09-27 15:45:55] app.ERROR: No result was found for query although at least one row was expected. {"object_type":"Translation"} []
[2022-09-27 15:45:55] app.ERROR: No result was found for query although at least one row was expected. {"object_type":"Translation"} []
[2022-09-27 15:45:55] app.ERROR: No result was found for query although at least one row was expected. {"object_type":"Translation"} []
[2022-09-27 15:45:55] app.ERROR: No result was found for query although at least one row was expected. {"object_type":"Translation"} []
[2022-09-27 15:45:55] app.ERROR: No result was found for query although at least one row was expected. {"object_type":"Translation"} []
[2022-09-27 15:45:55] app.ERROR: No result was found for query although at least one row was expected. {"object_type":"Translation"} []
[2022-09-27 15:45:55] app.ERROR: No result was found for query although at least one row was expected. {"object_type":"Translation"} []
[2022-09-27 15:45:55] app.ERROR: No result was found for query although at least one row was expected. {"object_type":"Translation"} []
[2022-09-27 15:45:55] app.ERROR: No result was found for query although at least one row was expected. {"object_type":"Translation"} []
[2022-09-27 15:45:55] app.ERROR: No result was found for query although at least one row was expected. {"object_type":"Translation"} []
[2022-09-27 15:45:55] app.ERROR: No result was found for query although at least one row was expected. {"object_type":"Translation"} []
[2022-09-27 15:45:55] app.ERROR: No result was found for query although at least one row was expected. {"object_type":"Translation"} []
[2022-09-27 15:45:55] app.ERROR: No result was found for query although at least one row was expected. {"object_type":"Translation"} []
[2022-09-27 15:45:55] app.ERROR: No result was found for query although at least one row was expected. {"object_type":"Translation"} []
[2022-09-27 15:45:55] app.ERROR: No result was found for query although at least one row was expected. {"object_type":"Translation"} []
[2022-09-27 15:45:55] app.ERROR: No result was found for query although at least one row was expected. {"object_type":"Translation"} []
[2022-09-27 15:45:55] app.ERROR: No result was found for query although at least one row was expected. {"object_type":"Translation"} []
[2022-09-27 15:45:55] app.ERROR: No result was found for query although at least one row was expected. {"object_type":"Translation"} []
[2022-09-27 15:45:55] app.ERROR: No result was found for query although at least one row was expected. {"object_type":"Translation"} []
[2022-09-27 15:45:56] security.DEBUG: Stored the security token in the session. {"key":"_security_main"} []
[2022-09-28 14:25:43] request.INFO: Matched route "admin_themes_enable". {"route":"admin_themes_enable","route_parameters":{"_controller":"PrestaShopBundle\\Controller\\Admin\\Improve\\Design\\ThemeController::enableAction","_legacy_controller":"AdminThemes","_legacy_link":"AdminThemes:enableTheme","_legacy_parameters":{"theme_name":"themeName"},"themeName":"tv_electronic_electron_1_7_v1","_route":"admin_themes_enable"},"request_uri":"http://localhost:8888/cbdestock/admin269btjd43/index.php/improve/design/themes/tv_electronic_electron_1_7_v1/enable?_token=I2Ft_JJwbpYWk2EQ6FG2kpA3tNYmZL3L_nKCXN8SdNc","method":"POST"} []
[2022-09-28 14:25:43] security.DEBUG: Read existing security token from the session. {"key":"_security_main","token_class":"Symfony\\Component\\Security\\Core\\Authentication\\Token\\UsernamePasswordToken"} []
[2022-09-28 14:25:43] security.DEBUG: User was reloaded from a user provider. {"provider":"PrestaShopBundle\\Security\\Admin\\EmployeeProvider","username":"cbdestock@proton.me"} []
[2022-09-28 14:26:02] request.CRITICAL: Uncaught PHP Exception Symfony\Component\Debug\Exception\FatalErrorException: "Compile Error: require(): Failed opening required '/Applications/MAMP/htdocs/cbdestock/var/cache/prod/ContainerV2pcnrn/getPrestashop_Core_Admin_Tab_RepositoryService.php' (include_path='/Applications/MAMP/htdocs/cbdestock/vendor/pear/pear_exception:/Applications/MAMP/htdocs/cbdestock/vendor/pear/console_getopt:/Applications/MAMP/htdocs/cbdestock/vendor/pear/pear-core-minimal/src:/Applications/MAMP/htdocs/cbdestock/vendor/pear/archive_tar:.:/Applications/MAMP/bin/php/php7.4.21/lib/php')" at /Applications/MAMP/htdocs/cbdestock/var/cache/prod/ContainerV2pcnrn/appProdProjectContainer.php line 3135 {"exception":"[object] (Symfony\\Component\\Debug\\Exception\\FatalErrorException(code: 0): Compile Error: require(): Failed opening required '/Applications/MAMP/htdocs/cbdestock/var/cache/prod/ContainerV2pcnrn/getPrestashop_Core_Admin_Tab_RepositoryService.php' (include_path='/Applications/MAMP/htdocs/cbdestock/vendor/pear/pear_exception:/Applications/MAMP/htdocs/cbdestock/vendor/pear/console_getopt:/Applications/MAMP/htdocs/cbdestock/vendor/pear/pear-core-minimal/src:/Applications/MAMP/htdocs/cbdestock/vendor/pear/archive_tar:.:/Applications/MAMP/bin/php/php7.4.21/lib/php') at /Applications/MAMP/htdocs/cbdestock/var/cache/prod/ContainerV2pcnrn/appProdProjectContainer.php:3135)"} []
[2022-09-28 14:26:12] security.DEBUG: Stored the security token in the session. {"key":"_security_main"} []
[2022-09-28 14:26:34] request.INFO: Matched route "admin_themes_enable". {"route":"admin_themes_enable","route_parameters":{"_controller":"PrestaShopBundle\\Controller\\Admin\\Improve\\Design\\ThemeController::enableAction","_legacy_controller":"AdminThemes","_legacy_link":"AdminThemes:enableTheme","_legacy_parameters":{"theme_name":"themeName"},"themeName":"tv_electronic_electron_1_7_v1","_route":"admin_themes_enable"},"request_uri":"http://localhost:8888/cbdestock/admin269btjd43/index.php/improve/design/themes/tv_electronic_electron_1_7_v1/enable?_token=I2Ft_JJwbpYWk2EQ6FG2kpA3tNYmZL3L_nKCXN8SdNc","method":"POST"} []
[2022-09-28 14:27:26] security.DEBUG: Read existing security token from the session. {"key":"_security_main","token_class":"Symfony\\Component\\Security\\Core\\Authentication\\Token\\UsernamePasswordToken"} []
[2022-09-28 14:27:27] security.DEBUG: User was reloaded from a user provider. {"provider":"PrestaShopBundle\\Security\\Admin\\EmployeeProvider","username":"cbdestock@proton.me"} []
[2022-09-28 14:27:48] app.ERROR: Data from PrestaShop Addons is invalid, and cannot fallback on cache. [] []
[2022-09-28 14:28:28] app.INFO: Protect vendor folder in module tvcmsbestsellerproducts [] []
[2022-09-28 14:28:29] app.INFO: Module tvcmsbestsellerproducts has no vendor folder [] []
[2022-09-28 14:28:29] app.INFO: Protect vendor folder in module tvcmsblog [] []
[2022-09-28 14:28:29] app.INFO: Module tvcmsblog has no vendor folder [] []
[2022-09-28 14:28:29] app.INFO: Protect vendor folder in module tvcmsblogdisplayposts [] []
[2022-09-28 14:28:29] app.INFO: Module tvcmsblogdisplayposts has no vendor folder [] []
[2022-09-28 14:28:29] app.INFO: Protect vendor folder in module tvcmsbrandlist [] []
[2022-09-28 14:28:29] app.INFO: Module tvcmsbrandlist has no vendor folder [] []
[2022-09-28 14:28:30] app.INFO: Protect vendor folder in module tvcmscategorychainslider [] []
[2022-09-28 14:28:30] app.INFO: Module tvcmscategorychainslider has no vendor folder [] []
[2022-09-28 14:28:30] app.INFO: Protect vendor folder in module tvcmscategoryproduct [] []
[2022-09-28 14:28:31] app.INFO: Module tvcmscategoryproduct has no vendor folder [] []
[2022-09-28 14:28:32] app.INFO: Protect vendor folder in module tvcmscategoryslider [] []
[2022-09-28 14:28:32] app.INFO: Module tvcmscategoryslider has no vendor folder [] []
[2022-09-28 14:28:33] app.INFO: Protect vendor folder in module tvcmscookiesnotice [] []
[2022-09-28 14:28:33] app.INFO: Module tvcmscookiesnotice has no vendor folder [] []
[2022-09-28 14:28:33] app.INFO: Protect vendor folder in module tvcmscustomcssjs [] []
[2022-09-28 14:28:33] app.INFO: Module tvcmscustomcssjs has no vendor folder [] []
[2022-09-28 14:28:34] app.INFO: Protect vendor folder in module tvcmscustomerservices [] []
[2022-09-28 14:28:34] app.INFO: Module tvcmscustomerservices has no vendor folder [] []
[2022-09-28 14:28:34] app.INFO: Protect vendor folder in module tvcmscustomsetting [] []
[2022-09-28 14:28:35] app.INFO: Module tvcmscustomsetting has no vendor folder [] []
[2022-09-28 14:28:35] app.INFO: Protect vendor folder in module tvcmsfeaturedproducts [] []
[2022-09-28 14:28:35] app.INFO: Module tvcmsfeaturedproducts has no vendor folder [] []
[2022-09-28 14:28:36] app.INFO: Protect vendor folder in module tvcmsfootercategory [] []
[2022-09-28 14:28:36] app.INFO: Module tvcmsfootercategory has no vendor folder [] []
[2022-09-28 14:28:38] app.INFO: Protect vendor folder in module tvcmsfooterlogo [] []
[2022-09-28 14:28:38] app.INFO: Module tvcmsfooterlogo has no vendor folder [] []
[2022-09-28 14:28:38] app.INFO: Protect vendor folder in module tvcmsfooterproduct [] []
[2022-09-28 14:28:38] app.INFO: Module tvcmsfooterproduct has no vendor folder [] []
[2022-09-28 14:28:39] app.INFO: Protect vendor folder in module tvcmsinfinitescroll [] []
[2022-09-28 14:28:39] app.INFO: Module tvcmsinfinitescroll has no vendor folder [] []
[2022-09-28 14:28:39] app.INFO: Protect vendor folder in module tvcmsleftsideofferbanner [] []
[2022-09-28 14:28:39] app.INFO: Module tvcmsleftsideofferbanner has no vendor folder [] []
[2022-09-28 14:28:39] app.INFO: Protect vendor folder in module tvcmsmegamenu [] []
[2022-09-28 14:28:39] app.INFO: Module tvcmsmegamenu has no vendor folder [] []
[2022-09-28 14:28:39] app.INFO: Protect vendor folder in module tvcmsmultibanner1 [] []
[2022-09-28 14:28:39] app.INFO: Module tvcmsmultibanner1 has no vendor folder [] []
[2022-09-28 14:28:40] app.INFO: Protect vendor folder in module tvcmsnewproducts [] []
[2022-09-28 14:28:40] app.INFO: Module tvcmsnewproducts has no vendor folder [] []
[2022-09-28 14:28:41] app.INFO: Protect vendor folder in module tvcmsnewsletterpopup [] []
[2022-09-28 14:28:41] app.INFO: Module tvcmsnewsletterpopup has no vendor folder [] []
[2022-09-28 14:28:42] app.INFO: Protect vendor folder in module tvcmsofferbanner [] []
[2022-09-28 14:28:42] app.INFO: Module tvcmsofferbanner has no vendor folder [] []
[2022-09-28 14:28:43] app.INFO: Protect vendor folder in module tvcmspaymenticon [] []
[2022-09-28 14:28:43] app.INFO: Module tvcmspaymenticon has no vendor folder [] []
[2022-09-28 14:28:44] app.INFO: Protect vendor folder in module tvcmsproductcomments [] []
[2022-09-28 14:28:45] app.INFO: Module tvcmsproductcomments has no vendor folder [] []
[2022-09-28 14:28:47] app.INFO: Protect vendor folder in module tvcmsproductcompare [] []
[2022-09-28 14:28:47] app.INFO: Module tvcmsproductcompare has no vendor folder [] []
[2022-09-28 14:28:49] app.INFO: Protect vendor folder in module tvcmsproductpopup [] []
[2022-09-28 14:28:50] app.INFO: Module tvcmsproductpopup has no vendor folder [] []
[2022-09-28 14:28:52] app.INFO: Protect vendor folder in module tvcmssearch [] []
[2022-09-28 14:28:52] app.INFO: Module tvcmssearch has no vendor folder [] []
[2022-09-28 14:28:55] app.INFO: Protect vendor folder in module tvcmssingleblock [] []
[2022-09-28 14:28:56] app.INFO: Module tvcmssingleblock has no vendor folder [] []
[2022-09-28 14:28:59] app.INFO: Protect vendor folder in module tvcmssizechart [] []
[2022-09-28 14:28:59] app.INFO: Module tvcmssizechart has no vendor folder [] []
[2022-09-28 14:29:01] app.INFO: Protect vendor folder in module tvcmsslider [] []
[2022-09-28 14:29:01] app.INFO: Module tvcmsslider has no vendor folder [] []
[2022-09-28 14:29:01] app.INFO: Protect vendor folder in module tvcmssliderofferbanner [] []
[2022-09-28 14:29:01] app.INFO: Module tvcmssliderofferbanner has no vendor folder [] []
[2022-09-28 14:29:02] app.INFO: Protect vendor folder in module tvcmsspecialproducts [] []
[2022-09-28 14:29:02] app.INFO: Module tvcmsspecialproducts has no vendor folder [] []
[2022-09-28 14:29:03] app.INFO: Protect vendor folder in module tvcmsstockinfo [] []
[2022-09-28 14:29:03] app.INFO: Module tvcmsstockinfo has no vendor folder [] []
[2022-09-28 14:29:03] app.INFO: Protect vendor folder in module tvcmstabproducts [] []
[2022-09-28 14:29:03] app.INFO: Module tvcmstabproducts has no vendor folder [] []
[2022-09-28 14:29:03] app.INFO: Protect vendor folder in module tvcmstestimonial [] []
[2022-09-28 14:29:04] app.INFO: Module tvcmstestimonial has no vendor folder [] []
[2022-09-28 14:29:04] app.INFO: Protect vendor folder in module tvcmsthemeoptions [] []
[2022-09-28 14:29:04] app.INFO: Module tvcmsthemeoptions has no vendor folder [] []
[2022-09-28 14:29:04] app.INFO: Protect vendor folder in module tvcmstwoofferbanner [] []
[2022-09-28 14:29:04] app.INFO: Module tvcmstwoofferbanner has no vendor folder [] []
[2022-09-28 14:29:05] app.INFO: Protect vendor folder in module tvcmsverticalmenu [] []
[2022-09-28 14:29:05] app.INFO: Module tvcmsverticalmenu has no vendor folder [] []
[2022-09-28 14:29:05] app.INFO: Protect vendor folder in module tvcmsvideotab [] []
[2022-09-28 14:29:05] app.INFO: Module tvcmsvideotab has no vendor folder [] []
[2022-09-28 14:29:05] app.INFO: Protect vendor folder in module tvcmswishlist [] []
[2022-09-28 14:29:05] app.INFO: Module tvcmswishlist has no vendor folder [] []
[2022-09-28 14:29:35] security.DEBUG: Stored the security token in the session. {"key":"_security_main"} []
